# JRE version: Java(TM) SE Runtime Environment (8.0_45-b15) (build 1.8.0_45-b15)
# Java VM: Java HotSpot(TM) 64-Bit Server VM (25.45-b02 mixed mode windows-amd64 compressed oops)
Heap:
 PSYoungGen      total 111104K, used 39877K [0x00000000d5800000, 0x00000000de500000, 0x0000000100000000)
  eden space 96768K, 32% used [0x00000000d5800000,0x00000000d76e8650,0x00000000db680000)
  from space 14336K, 57% used [0x00000000db680000,0x00000000dbe89030,0x00000000dc480000)
  to   space 13824K, 0% used [0x00000000dd780000,0x00000000dd780000,0x00000000de500000)
 ParOldGen       total 78336K, used 27994K [0x0000000080800000, 0x0000000085480000, 0x00000000d5800000)
  object space 78336K, 35% used [0x0000000080800000,0x0000000082356ae8,0x0000000085480000)
 Metaspace       used 23355K, capacity 24097K, committed 24496K, reserved 1071104K
  class space    used 2942K, capacity 3136K, committed 3248K, reserved 1048576K
GC Heap History (10 events):
Event: 124.053 GC heap before
{Heap before GC invocations=18 (full 1):
 PSYoungGen      total 76800K, used 67916K [0x00000000d5800000, 0x00000000db280000, 0x0000000100000000)
  eden space 65024K, 100% used [0x00000000d5800000,0x00000000d9780000,0x00000000d9780000)
  from space 11776K, 24% used [0x00000000da700000,0x00000000da9d3010,0x00000000db280000)
  to   space 13824K, 0% used [0x00000000d9780000,0x00000000d9780000,0x00000000da500000)
 ParOldGen       total 78336K, used 27786K [0x0000000080800000, 0x0000000085480000, 0x00000000d5800000)
  object space 78336K, 35% used [0x0000000080800000,0x0000000082322b80,0x0000000085480000)
 Metaspace       used 23333K, capacity 23969K, committed 24240K, reserved 1071104K
  class space    used 2942K, capacity 3136K, committed 3248K, reserved 1048576K
Event: 124.056 GC heap after
Heap after GC invocations=18 (full 1):
 PSYoungGen      total 78848K, used 8341K [0x00000000d5800000, 0x00000000dc100000, 0x0000000100000000)
  eden space 65024K, 0% used [0x00000000d5800000,0x00000000d5800000,0x00000000d9780000)
  from space 13824K, 60% used [0x00000000d9780000,0x00000000d9fa5628,0x00000000da500000)
  to   space 13824K, 0% used [0x00000000db380000,0x00000000db380000,0x00000000dc100000)
 ParOldGen       total 78336K, used 27810K [0x0000000080800000, 0x0000000085480000, 0x00000000d5800000)
  object space 78336K, 35% used [0x0000000080800000,0x0000000082328b80,0x0000000085480000)
 Metaspace       used 23333K, capacity 23969K, committed 24240K, reserved 1071104K
  class space    used 2942K, capacity 3136K, committed 3248K, reserved 1048576K
}
Event: 124.177 GC heap before
{Heap before GC invocations=19 (full 1):
 PSYoungGen      total 78848K, used 73365K [0x00000000d5800000, 0x00000000dc100000, 0x0000000100000000)
  eden space 65024K, 100% used [0x00000000d5800000,0x00000000d9780000,0x00000000d9780000)
  from space 13824K, 60% used [0x00000000d9780000,0x00000000d9fa5628,0x00000000da500000)
  to   space 13824K, 0% used [0x00000000db380000,0x00000000db380000,0x00000000dc100000)
 ParOldGen       total 78336K, used 27810K [0x0000000080800000, 0x0000000085480000, 0x00000000d5800000)
  object space 78336K, 35% used [0x0000000080800000,0x0000000082328b80,0x0000000085480000)
 Metaspace       used 23333K, capacity 23969K, committed 24240K, reserved 1071104K
  class space    used 2942K, capacity 3136K, committed 3248K, reserved 1048576K
Event: 124.179 GC heap after
Heap after GC invocations=19 (full 1):
 PSYoungGen      total 93696K, used 8356K [0x00000000d5800000, 0x00000000dc180000, 0x0000000100000000)
  eden space 79872K, 0% used [0x00000000d5800000,0x00000000d5800000,0x00000000da600000)
  from space 13824K, 60% used [0x00000000db380000,0x00000000dbba9030,0x00000000dc100000)
  to   space 13824K, 0% used [0x00000000da600000,0x00000000da600000,0x00000000db380000)
 ParOldGen       total 78336K, used 27834K [0x0000000080800000, 0x0000000085480000, 0x00000000d5800000)
  object space 78336K, 35% used [0x0000000080800000,0x000000008232eb80,0x0000000085480000)
 Metaspace       used 23333K, capacity 23969K, committed 24240K, reserved 1071104K
  class space    used 2942K, capacity 3136K, committed 3248K, reserved 1048576K
}
Event: 126.656 GC heap before
{Heap before GC invocations=20 (full 1):
 PSYoungGen      total 93696K, used 87146K [0x00000000d5800000, 0x00000000dc180000, 0x0000000100000000)
  eden space 79872K, 98% used [0x00000000d5800000,0x00000000da4f1860,0x00000000da600000)
  from space 13824K, 60% used [0x00000000db380000,0x00000000dbba9030,0x00000000dc100000)
  to   space 13824K, 0% used [0x00000000da600000,0x00000000da600000,0x00000000db380000)
 ParOldGen       total 78336K, used 27834K [0x0000000080800000, 0x0000000085480000, 0x00000000d5800000)
  object space 78336K, 35% used [0x0000000080800000,0x000000008232eb80,0x0000000085480000)
 Metaspace       used 23347K, capacity 24033K, committed 24496K, reserved 1071104K
  class space    used 2942K, capacity 3136K, committed 3248K, reserved 1048576K
Event: 126.657 GC heap after
Heap after GC invocations=20 (full 1):
 PSYoungGen      total 93696K, used 128K [0x00000000d5800000, 0x00000000dd280000, 0x0000000100000000)
  eden space 79872K, 0% used [0x00000000d5800000,0x00000000d5800000,0x00000000da600000)
  from space 13824K, 0% used [0x00000000da600000,0x00000000da620000,0x00000000db380000)
  to   space 14336K, 0% used [0x00000000dc480000,0x00000000dc480000,0x00000000dd280000)
 ParOldGen       total 78336K, used 27978K [0x0000000080800000, 0x0000000085480000, 0x00000000d5800000)
  object space 78336K, 35% used [0x0000000080800000,0x0000000082352ae8,0x0000000085480000)
 Metaspace       used 23347K, capacity 24033K, committed 24496K, reserved 1071104K
  class space    used 2942K, capacity 3136K, committed 3248K, reserved 1048576K
}
Event: 126.824 GC heap before
{Heap before GC invocations=21 (full 1):
 PSYoungGen      total 93696K, used 80000K [0x00000000d5800000, 0x00000000dd280000, 0x0000000100000000)
  eden space 79872K, 100% used [0x00000000d5800000,0x00000000da600000,0x00000000da600000)
  from space 13824K, 0% used [0x00000000da600000,0x00000000da620000,0x00000000db380000)
  to   space 14336K, 0% used [0x00000000dc480000,0x00000000dc480000,0x00000000dd280000)
 ParOldGen       total 78336K, used 27978K [0x0000000080800000, 0x0000000085480000, 0x00000000d5800000)
  object space 78336K, 35% used [0x0000000080800000,0x0000000082352ae8,0x0000000085480000)
 Metaspace       used 23349K, capacity 24033K, committed 24496K, reserved 1071104K
  class space    used 2942K, capacity 3136K, committed 3248K, reserved 1048576K
Event: 126.826 GC heap after
Heap after GC invocations=21 (full 1):
 PSYoungGen      total 111104K, used 8228K [0x00000000d5800000, 0x00000000dd280000, 0x0000000100000000)
  eden space 96768K, 0% used [0x00000000d5800000,0x00000000d5800000,0x00000000db680000)
  from space 14336K, 57% used [0x00000000dc480000,0x00000000dcc89030,0x00000000dd280000)
  to   space 14336K, 0% used [0x00000000db680000,0x00000000db680000,0x00000000dc480000)
 ParOldGen       total 78336K, used 27994K [0x0000000080800000, 0x0000000085480000, 0x00000000d5800000)
  object space 78336K, 35% used [0x0000000080800000,0x0000000082356ae8,0x0000000085480000)
 Metaspace       used 23349K, capacity 24033K, committed 24496K, reserved 1071104K
  class space    used 2942K, capacity 3136K, committed 3248K, reserved 1048576K
}
Event: 127.001 GC heap before
{Heap before GC invocations=22 (full 1):
 PSYoungGen      total 111104K, used 104996K [0x00000000d5800000, 0x00000000dd280000, 0x0000000100000000)
  eden space 96768K, 100% used [0x00000000d5800000,0x00000000db680000,0x00000000db680000)
  from space 14336K, 57% used [0x00000000dc480000,0x00000000dcc89030,0x00000000dd280000)
  to   space 14336K, 0% used [0x00000000db680000,0x00000000db680000,0x00000000dc480000)
 ParOldGen       total 78336K, used 27994K [0x0000000080800000, 0x0000000085480000, 0x00000000d5800000)
  object space 78336K, 35% used [0x0000000080800000,0x0000000082356ae8,0x0000000085480000)
 Metaspace       used 23353K, capacity 24097K, committed 24496K, reserved 1071104K
  class space    used 2942K, capacity 3136K, committed 3248K, reserved 1048576K
Event: 127.003 GC heap after
Heap after GC invocations=22 (full 1):
 PSYoungGen      total 111104K, used 8228K [0x00000000d5800000, 0x00000000de500000, 0x0000000100000000)
  eden space 96768K, 0% used [0x00000000d5800000,0x00000000d5800000,0x00000000db680000)
  from space 14336K, 57% used [0x00000000db680000,0x00000000dbe89030,0x00000000dc480000)
  to   space 13824K, 0% used [0x00000000dd780000,0x00000000dd780000,0x00000000de500000)
 ParOldGen       total 78336K, used 27994K [0x0000000080800000, 0x0000000085480000, 0x00000000d5800000)
  object space 78336K, 35% used [0x0000000080800000,0x0000000082356ae8,0x0000000085480000)
 Metaspace       used 23353K, capacity 24097K, committed 24496K, reserved 1071104K
  class space    used 2942K, capacity 3136K, committed 3248K, reserved 1048576K
}

